<?xml version="1.0" encoding="UTF-8"?>
<!-- Generated by org.testng.reporters.JUnitReportReporter -->
<testsuite hostname="DESKTOP-GNR3B53" failures="0" tests="1" name="Selenium.All_Pactice.Amazon_in" time="34.231" errors="0" timestamp="2024-06-06T22:09:14 IST" skipped="0">
  <testcase classname="Selenium.All_Pactice.Amazon_in" name="testLoginAndOrderHistory" time="34.231"/>
</testsuite> <!-- Selenium.All_Pactice.Amazon_in -->
