<?xml version="1.0" encoding="UTF-8"?>
<!-- Generated by org.testng.reporters.JUnitReportReporter -->
<testsuite hostname="DESKTOP-GNR3B53" failures="0" tests="6" name="com.qa.testLayer.DDTestCases" time="86.717" errors="0" timestamp="2024-05-12T20:47:28 IST" skipped="0">
  <testcase classname="com.qa.testLayer.DDTestCases" name="contactFormTesting" time="18.063"/>
  <testcase classname="com.qa.testLayer.DDTestCases" name="contactFormTesting" time="16.157"/>
  <testcase classname="com.qa.testLayer.DDTestCases" name="contactFormTesting" time="12.364"/>
  <testcase classname="com.qa.testLayer.DDTestCases" name="contactFormTesting" time="13.632"/>
  <testcase classname="com.qa.testLayer.DDTestCases" name="contactFormTesting" time="15.449"/>
  <testcase classname="com.qa.testLayer.DDTestCases" name="contactFormTesting" time="11.052"/>
</testsuite> <!-- com.qa.testLayer.DDTestCases -->
